<?xml version="1.0" encoding="UTF-8"?>
<!-- Generated by org.testng.reporters.JUnitReportReporter -->
<testsuite hostname="DESKTOP-9OKQOG7" failures="0" tests="1" name="practice.Tester2" time="0.009" errors="0" timestamp="2022-03-29T10:04:07 IST" skipped="0">
  <testcase classname="practice.Tester2" name="test" time="0.009"/>
  <system-out/>
</testsuite> <!-- practice.Tester2 -->
