<?xml version="1.0" encoding="UTF-8"?>
<!-- Generated by org.testng.reporters.JUnitReportReporter -->
<testsuite hostname="DESKTOP-9OKQOG7" failures="0" tests="2" name="practice.MutipleDataUsingDataProvider" time="0.007" errors="0" timestamp="2022-03-14T13:04:27 IST" skipped="0">
  <testcase classname="practice.MutipleDataUsingDataProvider" name="MutipleData" time="0.003"/>
  <system-out/>
  <testcase classname="practice.MutipleDataUsingDataProvider" name="MutipleData" time="0.004"/>
  <system-out/>
</testsuite> <!-- practice.MutipleDataUsingDataProvider -->
