<?xml version="1.0" encoding="UTF-8"?>
<!-- Generated by org.testng.reporters.JUnitReportReporter -->
<testsuite hostname="DESKTOP-9OKQOG7" failures="0" tests="1" name="practice.CreateContactUsingBatchExceution" time="0.006" errors="0" timestamp="2022-03-15T16:34:31 IST" skipped="0">
  <testcase classname="practice.CreateContactUsingBatchExceution" name="createContact" time="0.006"/>
  <system-out/>
</testsuite> <!-- practice.CreateContactUsingBatchExceution -->
