<?xml version="1.0" encoding="UTF-8"?>
<!-- Generated by org.testng.reporters.JUnitReportReporter -->
<testsuite hostname="DESKTOP-9OKQOG7" failures="0" tests="5" name="practice.CreateContactWithMutipleDataWithDataProvider" time="82.522" errors="0" timestamp="2022-03-14T13:24:39 IST" skipped="0">
  <testcase classname="practice.CreateContactWithMutipleDataWithDataProvider" name="CrenditialsTest" time="15.615"/>
  <system-out/>
  <testcase classname="practice.CreateContactWithMutipleDataWithDataProvider" name="CrenditialsTest" time="16.301"/>
  <system-out/>
  <testcase classname="practice.CreateContactWithMutipleDataWithDataProvider" name="CrenditialsTest" time="19.212"/>
  <system-out/>
  <testcase classname="practice.CreateContactWithMutipleDataWithDataProvider" name="CrenditialsTest" time="15.343"/>
  <system-out/>
  <testcase classname="practice.CreateContactWithMutipleDataWithDataProvider" name="CrenditialsTest" time="16.051"/>
  <system-out/>
</testsuite> <!-- practice.CreateContactWithMutipleDataWithDataProvider -->
