<?xml version="1.0" encoding="UTF-8"?>
<!-- Generated by org.testng.reporters.JUnitReportReporter -->
<testsuite hostname="DESKTOP-9OKQOG7" failures="0" tests="1" name="com.crm.autodesk.leadtest.ConvertLeadToOpertunitiesBySelectingOrganisationAndContactChekboxsAndFeelAllTheMandatoryFieldsTest" time="22.632" errors="0" timestamp="2022-03-23T10:25:32 IST" skipped="0">
  <testcase classname="com.crm.autodesk.leadtest.ConvertLeadToOpertunitiesBySelectingOrganisationAndContactChekboxsAndFeelAllTheMandatoryFieldsTest" name="convertLeadToOpertunitiesBySelectingOrganisationAndContactChekboxsAndFeelAllTheMandatoryFieldsTest" time="22.632"/>
  <system-out/>
</testsuite> <!-- com.crm.autodesk.leadtest.ConvertLeadToOpertunitiesBySelectingOrganisationAndContactChekboxsAndFeelAllTheMandatoryFieldsTest -->
