<?xml version="1.0" encoding="UTF-8"?>
<!-- Generated by org.testng.reporters.JUnitReportReporter -->
<testsuite hostname="DESKTOP-9OKQOG7" failures="0" tests="1" name="com.crm.autodesk.leadtest.ConvertLeadToOpertunitiesBySelectingOpertunityAndContactTheChekboxsAndFeelAllTheMandatoryFieldsTest" time="25.037" errors="0" timestamp="2022-03-23T10:24:23 IST" skipped="0">
  <testcase classname="com.crm.autodesk.leadtest.ConvertLeadToOpertunitiesBySelectingOpertunityAndContactTheChekboxsAndFeelAllTheMandatoryFieldsTest" name="convertLeadToOpertunitiesBySelectingOpertunityAndContactTheChekboxsAndFeelAllTheMandatoryFieldsTest" time="25.037"/>
  <system-out/>
</testsuite> <!-- com.crm.autodesk.leadtest.ConvertLeadToOpertunitiesBySelectingOpertunityAndContactTheChekboxsAndFeelAllTheMandatoryFieldsTest -->
