<?xml version="1.0" encoding="UTF-8"?>
<!-- Generated by org.testng.reporters.JUnitReportReporter -->
<testsuite hostname="DESKTOP-9OKQOG7" failures="0" tests="1" name="com.crm.autodesk.leadtest.CreateLeadWithValidMandatoryDetailsAndDuplicateTheLeadFromLeadsInformationPageAndEditTheDetailsAndThenDeleteTest" time="34.846" errors="0" timestamp="2022-03-23T10:26:27 IST" skipped="0">
  <testcase classname="com.crm.autodesk.leadtest.CreateLeadWithValidMandatoryDetailsAndDuplicateTheLeadFromLeadsInformationPageAndEditTheDetailsAndThenDeleteTest" name="createLeadWithValidMandatoryDetailsAndDuplicateTheLeadFromLeadsInformationPageAndEditTheDetailsAndThenDeleteTest" time="34.846"/>
  <system-out/>
</testsuite> <!-- com.crm.autodesk.leadtest.CreateLeadWithValidMandatoryDetailsAndDuplicateTheLeadFromLeadsInformationPageAndEditTheDetailsAndThenDeleteTest -->
