<?xml version="1.0" encoding="UTF-8"?>
<!-- Generated by org.testng.reporters.JUnitReportReporter -->
<testsuite hostname="DESKTOP-9OKQOG7" failures="0" tests="1" name="com.crm.autodesk.contacttest.CreateContactTest" time="26.332" errors="0" timestamp="2022-03-29T09:41:00 IST" skipped="0">
  <testcase classname="com.crm.autodesk.contacttest.CreateContactTest" name="createContactTest" time="26.332"/>
  <system-out/>
</testsuite> <!-- com.crm.autodesk.contacttest.CreateContactTest -->
