<?xml version="1.0" encoding="UTF-8"?>
<!-- Generated by org.testng.reporters.JUnitReportReporter -->
<testsuite hostname="DESKTOP-9OKQOG7" failures="0" tests="1" name="practice.AssertionExampleTest" time="0.011" errors="0" timestamp="2022-03-29T10:01:54 IST" skipped="0">
  <testcase classname="practice.AssertionExampleTest" name="AssertionTest" time="0.011"/>
  <system-out/>
</testsuite> <!-- practice.AssertionExampleTest -->
