<?xml version="1.0" encoding="UTF-8"?>
<!-- Generated by org.testng.reporters.JUnitReportReporter -->
<testsuite hostname="DESKTOP-9OKQOG7" failures="0" tests="1" name="practice.Demo" time="0.006" errors="0" timestamp="2022-03-14T12:54:30 IST" skipped="0">
  <testcase classname="practice.Demo" name="sample" time="0.006"/>
  <system-out/>
</testsuite> <!-- practice.Demo -->
