<?xml version="1.0" encoding="UTF-8"?>
<!-- Generated by org.testng.reporters.JUnitReportReporter -->
<testsuite hostname="DESKTOP-9OKQOG7" failures="0" tests="3" name="practice.CreateContactUsingBatchExceutionTest" time="0.011" errors="0" timestamp="2022-03-29T10:02:34 IST" skipped="0">
  <testcase classname="practice.CreateContactUsingBatchExceutionTest" name="createContactWithAddress" time="0.001"/>
  <system-out/>
  <testcase classname="practice.CreateContactUsingBatchExceutionTest" name="createContact" time="0.009"/>
  <system-out/>
  <testcase classname="practice.CreateContactUsingBatchExceutionTest" name="createContactWithOrganisation" time="0.001"/>
  <system-out/>
</testsuite> <!-- practice.CreateContactUsingBatchExceutionTest -->
