<?xml version="1.0" encoding="UTF-8"?>
<!-- Generated by org.testng.reporters.JUnitReportReporter -->
<testsuite hostname="DESKTOP-9OKQOG7" failures="0" tests="1" name="practice.SoftAssertionExamplesTest" time="0.013" errors="0" timestamp="2022-03-29T10:03:13 IST" skipped="0">
  <testcase classname="practice.SoftAssertionExamplesTest" name="AssertionTest" time="0.013"/>
  <system-out/>
</testsuite> <!-- practice.SoftAssertionExamplesTest -->
