<?xml version="1.0" encoding="UTF-8"?>
<!-- Generated by org.testng.reporters.JUnitReportReporter -->
<testsuite hostname="DESKTOP-9OKQOG7" failures="0" tests="1" name="com.crm.autodesk.organsationtest.CreateOrganisationTest" time="43.851" errors="0" timestamp="2022-03-29T12:56:11 IST" skipped="0">
  <testcase classname="com.crm.autodesk.organsationtest.CreateOrganisationTest" name="createOrganisationTest" time="43.851"/>
  <system-out/>
</testsuite> <!-- com.crm.autodesk.organsationtest.CreateOrganisationTest -->
