<?xml version="1.0" encoding="UTF-8"?>
<!-- Generated by org.testng.reporters.JUnitReportReporter -->
<testsuite hostname="DESKTOP-9OKQOG7" failures="0" tests="1" name="com.crm.autodesk.organsationtest.CreateOrganisationWithIndustryTest" time="24.330" errors="0" timestamp="2022-03-16T16:45:52 IST" skipped="0">
  <testcase classname="com.crm.autodesk.organsationtest.CreateOrganisationWithIndustryTest" name="createOrganisationWithIndustryTest" time="24.330"/>
  <system-out/>
</testsuite> <!-- com.crm.autodesk.organsationtest.CreateOrganisationWithIndustryTest -->
